20-Sep-2019 08:30:35.589 INFO [main] org.apache.catalina.startup.VersionLoggerListener.log Server version:        Apache Tomcat/8.5.45
20-Sep-2019 08:30:35.592 INFO [main] org.apache.catalina.startup.VersionLoggerListener.log Server built:          Aug 14 2019 22:21:25 UTC
20-Sep-2019 08:30:35.592 INFO [main] org.apache.catalina.startup.VersionLoggerListener.log Server number:         8.5.45.0
20-Sep-2019 08:30:35.593 INFO [main] org.apache.catalina.startup.VersionLoggerListener.log OS Name:               Windows 10
20-Sep-2019 08:30:35.593 INFO [main] org.apache.catalina.startup.VersionLoggerListener.log OS Version:            10.0
20-Sep-2019 08:30:35.593 INFO [main] org.apache.catalina.startup.VersionLoggerListener.log Architecture:          amd64
20-Sep-2019 08:30:35.593 INFO [main] org.apache.catalina.startup.VersionLoggerListener.log Java Home:             C:\Program Files\Java\jdk-12.0.2
20-Sep-2019 08:30:35.593 INFO [main] org.apache.catalina.startup.VersionLoggerListener.log JVM Version:           12.0.2+10
20-Sep-2019 08:30:35.594 INFO [main] org.apache.catalina.startup.VersionLoggerListener.log JVM Vendor:            Oracle Corporation
20-Sep-2019 08:30:35.594 INFO [main] org.apache.catalina.startup.VersionLoggerListener.log CATALINA_BASE:         C:\bbs\apache-tomcat-8.5.45
20-Sep-2019 08:30:35.594 INFO [main] org.apache.catalina.startup.VersionLoggerListener.log CATALINA_HOME:         C:\bbs\apache-tomcat-8.5.45
20-Sep-2019 08:30:35.594 INFO [main] org.apache.catalina.startup.VersionLoggerListener.log Command line argument: --add-opens=java.base/java.lang=ALL-UNNAMED
20-Sep-2019 08:30:35.595 INFO [main] org.apache.catalina.startup.VersionLoggerListener.log Command line argument: --add-opens=java.base/java.io=ALL-UNNAMED
20-Sep-2019 08:30:35.595 INFO [main] org.apache.catalina.startup.VersionLoggerListener.log Command line argument: --add-opens=java.rmi/sun.rmi.transport=ALL-UNNAMED
20-Sep-2019 08:30:35.595 INFO [main] org.apache.catalina.startup.VersionLoggerListener.log Command line argument: -Djava.util.logging.config.file=C:\bbs\apache-tomcat-8.5.45\conf\logging.properties
20-Sep-2019 08:30:35.595 INFO [main] org.apache.catalina.startup.VersionLoggerListener.log Command line argument: -Djava.util.logging.manager=org.apache.juli.ClassLoaderLogManager
20-Sep-2019 08:30:35.596 INFO [main] org.apache.catalina.startup.VersionLoggerListener.log Command line argument: -Djdk.tls.ephemeralDHKeySize=2048
20-Sep-2019 08:30:35.596 INFO [main] org.apache.catalina.startup.VersionLoggerListener.log Command line argument: -Djava.protocol.handler.pkgs=org.apache.catalina.webresources
20-Sep-2019 08:30:35.597 INFO [main] org.apache.catalina.startup.VersionLoggerListener.log Command line argument: -Dignore.endorsed.dirs=
20-Sep-2019 08:30:35.597 INFO [main] org.apache.catalina.startup.VersionLoggerListener.log Command line argument: -Dcatalina.base=C:\bbs\apache-tomcat-8.5.45
20-Sep-2019 08:30:35.598 INFO [main] org.apache.catalina.startup.VersionLoggerListener.log Command line argument: -Dcatalina.home=C:\bbs\apache-tomcat-8.5.45
20-Sep-2019 08:30:35.598 INFO [main] org.apache.catalina.startup.VersionLoggerListener.log Command line argument: -Djava.io.tmpdir=C:\bbs\apache-tomcat-8.5.45\temp
20-Sep-2019 08:30:35.599 INFO [main] org.apache.catalina.core.AprLifecycleListener.lifecycleEvent Loaded APR based Apache Tomcat Native library [1.2.23] using APR version [1.7.0].
20-Sep-2019 08:30:35.600 INFO [main] org.apache.catalina.core.AprLifecycleListener.lifecycleEvent APR capabilities: IPv6 [true], sendfile [true], accept filters [false], random [true].
20-Sep-2019 08:30:35.600 INFO [main] org.apache.catalina.core.AprLifecycleListener.lifecycleEvent APR/OpenSSL configuration: useAprConnector [false], useOpenSSL [true]
20-Sep-2019 08:30:35.606 INFO [main] org.apache.catalina.core.AprLifecycleListener.initializeSSL OpenSSL successfully initialized [OpenSSL 1.1.1c  28 May 2019]
20-Sep-2019 08:30:35.646 INFO [main] org.apache.coyote.AbstractProtocol.init Initializing ProtocolHandler ["http-nio-8080"]
20-Sep-2019 08:30:35.970 INFO [main] org.apache.tomcat.util.net.NioSelectorPool.getSharedSelector Using a shared selector for servlet write/read
20-Sep-2019 08:30:35.980 INFO [main] org.apache.coyote.AbstractProtocol.init Initializing ProtocolHandler ["ajp-nio-8009"]
20-Sep-2019 08:30:35.984 INFO [main] org.apache.tomcat.util.net.NioSelectorPool.getSharedSelector Using a shared selector for servlet write/read
20-Sep-2019 08:30:35.985 INFO [main] org.apache.catalina.startup.Catalina.load Initialization processed in 808 ms
20-Sep-2019 08:30:36.051 INFO [main] org.apache.catalina.core.StandardService.startInternal Starting service [Catalina]
20-Sep-2019 08:30:36.052 INFO [main] org.apache.catalina.core.StandardEngine.startInternal Starting Servlet Engine: Apache Tomcat/8.5.45
20-Sep-2019 08:30:36.069 INFO [localhost-startStop-1] org.apache.catalina.startup.HostConfig.deployDirectory Deploying web application directory [C:\bbs\apache-tomcat-8.5.45\webapps\docs]
20-Sep-2019 08:30:36.641 WARNING [localhost-startStop-1] org.apache.catalina.util.SessionIdGeneratorBase.createSecureRandom Creation of SecureRandom instance for session ID generation using [SHA1PRNG] took [292] milliseconds.
20-Sep-2019 08:30:36.665 INFO [localhost-startStop-1] org.apache.catalina.startup.HostConfig.deployDirectory Deployment of web application directory [C:\bbs\apache-tomcat-8.5.45\webapps\docs] has finished in [596] ms
20-Sep-2019 08:30:36.666 INFO [localhost-startStop-1] org.apache.catalina.startup.HostConfig.deployDirectory Deploying web application directory [C:\bbs\apache-tomcat-8.5.45\webapps\examples]
20-Sep-2019 08:30:37.992 INFO [localhost-startStop-1] org.apache.catalina.startup.HostConfig.deployDirectory Deployment of web application directory [C:\bbs\apache-tomcat-8.5.45\webapps\examples] has finished in [1,326] ms
20-Sep-2019 08:30:37.993 INFO [localhost-startStop-1] org.apache.catalina.startup.HostConfig.deployDirectory Deploying web application directory [C:\bbs\apache-tomcat-8.5.45\webapps\host-manager]
20-Sep-2019 08:30:38.041 INFO [localhost-startStop-1] org.apache.catalina.startup.HostConfig.deployDirectory Deployment of web application directory [C:\bbs\apache-tomcat-8.5.45\webapps\host-manager] has finished in [49] ms
20-Sep-2019 08:30:38.041 INFO [localhost-startStop-1] org.apache.catalina.startup.HostConfig.deployDirectory Deploying web application directory [C:\bbs\apache-tomcat-8.5.45\webapps\manager]
20-Sep-2019 08:30:38.089 INFO [localhost-startStop-1] org.apache.catalina.startup.HostConfig.deployDirectory Deployment of web application directory [C:\bbs\apache-tomcat-8.5.45\webapps\manager] has finished in [47] ms
20-Sep-2019 08:30:38.090 INFO [localhost-startStop-1] org.apache.catalina.startup.HostConfig.deployDirectory Deploying web application directory [C:\bbs\apache-tomcat-8.5.45\webapps\ROOT]
20-Sep-2019 08:30:38.137 INFO [localhost-startStop-1] org.apache.catalina.startup.HostConfig.deployDirectory Deployment of web application directory [C:\bbs\apache-tomcat-8.5.45\webapps\ROOT] has finished in [48] ms
20-Sep-2019 08:30:38.142 INFO [main] org.apache.coyote.AbstractProtocol.start Starting ProtocolHandler ["http-nio-8080"]
20-Sep-2019 08:30:38.154 INFO [main] org.apache.coyote.AbstractProtocol.start Starting ProtocolHandler ["ajp-nio-8009"]
20-Sep-2019 08:30:38.157 INFO [main] org.apache.catalina.startup.Catalina.start Server startup in 2171 ms
20-Sep-2019 08:31:18.671 INFO [ContainerBackgroundProcessor[StandardEngine[Catalina]]] org.apache.catalina.startup.HostConfig.undeploy Undeploying context [/examples]
20-Sep-2019 08:35:21.874 INFO [main] org.apache.catalina.startup.VersionLoggerListener.log Server version:        Apache Tomcat/8.5.45
20-Sep-2019 08:35:21.877 INFO [main] org.apache.catalina.startup.VersionLoggerListener.log Server built:          Aug 14 2019 22:21:25 UTC
20-Sep-2019 08:35:21.877 INFO [main] org.apache.catalina.startup.VersionLoggerListener.log Server number:         8.5.45.0
20-Sep-2019 08:35:21.878 INFO [main] org.apache.catalina.startup.VersionLoggerListener.log OS Name:               Windows 10
20-Sep-2019 08:35:21.878 INFO [main] org.apache.catalina.startup.VersionLoggerListener.log OS Version:            10.0
20-Sep-2019 08:35:21.878 INFO [main] org.apache.catalina.startup.VersionLoggerListener.log Architecture:          amd64
20-Sep-2019 08:35:21.878 INFO [main] org.apache.catalina.startup.VersionLoggerListener.log Java Home:             C:\Program Files\Java\jdk-12.0.2
20-Sep-2019 08:35:21.878 INFO [main] org.apache.catalina.startup.VersionLoggerListener.log JVM Version:           12.0.2+10
20-Sep-2019 08:35:21.878 INFO [main] org.apache.catalina.startup.VersionLoggerListener.log JVM Vendor:            Oracle Corporation
20-Sep-2019 08:35:21.878 INFO [main] org.apache.catalina.startup.VersionLoggerListener.log CATALINA_BASE:         C:\bbs\apache-tomcat-8.5.45
20-Sep-2019 08:35:21.879 INFO [main] org.apache.catalina.startup.VersionLoggerListener.log CATALINA_HOME:         C:\bbs\apache-tomcat-8.5.45
20-Sep-2019 08:35:21.879 INFO [main] org.apache.catalina.startup.VersionLoggerListener.log Command line argument: --add-opens=java.base/java.lang=ALL-UNNAMED
20-Sep-2019 08:35:21.879 INFO [main] org.apache.catalina.startup.VersionLoggerListener.log Command line argument: --add-opens=java.base/java.io=ALL-UNNAMED
20-Sep-2019 08:35:21.879 INFO [main] org.apache.catalina.startup.VersionLoggerListener.log Command line argument: --add-opens=java.rmi/sun.rmi.transport=ALL-UNNAMED
20-Sep-2019 08:35:21.880 INFO [main] org.apache.catalina.startup.VersionLoggerListener.log Command line argument: -Djava.util.logging.config.file=C:\bbs\apache-tomcat-8.5.45\conf\logging.properties
20-Sep-2019 08:35:21.880 INFO [main] org.apache.catalina.startup.VersionLoggerListener.log Command line argument: -Djava.util.logging.manager=org.apache.juli.ClassLoaderLogManager
20-Sep-2019 08:35:21.880 INFO [main] org.apache.catalina.startup.VersionLoggerListener.log Command line argument: -Djdk.tls.ephemeralDHKeySize=2048
20-Sep-2019 08:35:21.881 INFO [main] org.apache.catalina.startup.VersionLoggerListener.log Command line argument: -Djava.protocol.handler.pkgs=org.apache.catalina.webresources
20-Sep-2019 08:35:21.881 INFO [main] org.apache.catalina.startup.VersionLoggerListener.log Command line argument: -Dignore.endorsed.dirs=
20-Sep-2019 08:35:21.882 INFO [main] org.apache.catalina.startup.VersionLoggerListener.log Command line argument: -Dcatalina.base=C:\bbs\apache-tomcat-8.5.45
20-Sep-2019 08:35:21.882 INFO [main] org.apache.catalina.startup.VersionLoggerListener.log Command line argument: -Dcatalina.home=C:\bbs\apache-tomcat-8.5.45
20-Sep-2019 08:35:21.883 INFO [main] org.apache.catalina.startup.VersionLoggerListener.log Command line argument: -Djava.io.tmpdir=C:\bbs\apache-tomcat-8.5.45\temp
20-Sep-2019 08:35:21.884 INFO [main] org.apache.catalina.core.AprLifecycleListener.lifecycleEvent Loaded APR based Apache Tomcat Native library [1.2.23] using APR version [1.7.0].
20-Sep-2019 08:35:21.884 INFO [main] org.apache.catalina.core.AprLifecycleListener.lifecycleEvent APR capabilities: IPv6 [true], sendfile [true], accept filters [false], random [true].
20-Sep-2019 08:35:21.885 INFO [main] org.apache.catalina.core.AprLifecycleListener.lifecycleEvent APR/OpenSSL configuration: useAprConnector [false], useOpenSSL [true]
20-Sep-2019 08:35:21.890 INFO [main] org.apache.catalina.core.AprLifecycleListener.initializeSSL OpenSSL successfully initialized [OpenSSL 1.1.1c  28 May 2019]
20-Sep-2019 08:35:21.934 INFO [main] org.apache.coyote.AbstractProtocol.init Initializing ProtocolHandler ["http-nio-8080"]
20-Sep-2019 08:35:21.944 SEVERE [main] org.apache.catalina.core.StandardService.initInternal Failed to initialize connector [Connector[HTTP/1.1-8080]]
	org.apache.catalina.LifecycleException: Failed to initialize component [Connector[HTTP/1.1-8080]]
		at org.apache.catalina.util.LifecycleBase.init(LifecycleBase.java:112)
		at org.apache.catalina.core.StandardService.initInternal(StandardService.java:552)
		at org.apache.catalina.util.LifecycleBase.init(LifecycleBase.java:107)
		at org.apache.catalina.core.StandardServer.initInternal(StandardServer.java:852)
		at org.apache.catalina.util.LifecycleBase.init(LifecycleBase.java:107)
		at org.apache.catalina.startup.Catalina.load(Catalina.java:639)
		at org.apache.catalina.startup.Catalina.load(Catalina.java:662)
		at java.base/jdk.internal.reflect.NativeMethodAccessorImpl.invoke0(Native Method)
		at java.base/jdk.internal.reflect.NativeMethodAccessorImpl.invoke(NativeMethodAccessorImpl.java:62)
		at java.base/jdk.internal.reflect.DelegatingMethodAccessorImpl.invoke(DelegatingMethodAccessorImpl.java:43)
		at java.base/java.lang.reflect.Method.invoke(Method.java:567)
		at org.apache.catalina.startup.Bootstrap.load(Bootstrap.java:309)
		at org.apache.catalina.startup.Bootstrap.main(Bootstrap.java:492)
	Caused by: org.apache.catalina.LifecycleException: Protocol handler initialization failed
		at org.apache.catalina.connector.Connector.initInternal(Connector.java:995)
		at org.apache.catalina.util.LifecycleBase.init(LifecycleBase.java:107)
		... 12 more
	Caused by: java.net.BindException: Address already in use: bind
		at java.base/sun.nio.ch.Net.bind0(Native Method)
		at java.base/sun.nio.ch.Net.bind(Net.java:455)
		at java.base/sun.nio.ch.Net.bind(Net.java:447)
		at java.base/sun.nio.ch.ServerSocketChannelImpl.bind(ServerSocketChannelImpl.java:219)
		at java.base/sun.nio.ch.ServerSocketAdaptor.bind(ServerSocketAdaptor.java:80)
		at org.apache.tomcat.util.net.NioEndpoint.bind(NioEndpoint.java:219)
		at org.apache.tomcat.util.net.AbstractEndpoint.init(AbstractEndpoint.java:1118)
		at org.apache.tomcat.util.net.AbstractJsseEndpoint.init(AbstractJsseEndpoint.java:224)
		at org.apache.coyote.AbstractProtocol.init(AbstractProtocol.java:581)
		at org.apache.coyote.http11.AbstractHttp11Protocol.init(AbstractHttp11Protocol.java:68)
		at org.apache.catalina.connector.Connector.initInternal(Connector.java:993)
		... 13 more
20-Sep-2019 08:35:21.947 INFO [main] org.apache.coyote.AbstractProtocol.init Initializing ProtocolHandler ["ajp-nio-8009"]
20-Sep-2019 08:35:21.949 SEVERE [main] org.apache.catalina.core.StandardService.initInternal Failed to initialize connector [Connector[AJP/1.3-8009]]
	org.apache.catalina.LifecycleException: Failed to initialize component [Connector[AJP/1.3-8009]]
		at org.apache.catalina.util.LifecycleBase.init(LifecycleBase.java:112)
		at org.apache.catalina.core.StandardService.initInternal(StandardService.java:552)
		at org.apache.catalina.util.LifecycleBase.init(LifecycleBase.java:107)
		at org.apache.catalina.core.StandardServer.initInternal(StandardServer.java:852)
		at org.apache.catalina.util.LifecycleBase.init(LifecycleBase.java:107)
		at org.apache.catalina.startup.Catalina.load(Catalina.java:639)
		at org.apache.catalina.startup.Catalina.load(Catalina.java:662)
		at java.base/jdk.internal.reflect.NativeMethodAccessorImpl.invoke0(Native Method)
		at java.base/jdk.internal.reflect.NativeMethodAccessorImpl.invoke(NativeMethodAccessorImpl.java:62)
		at java.base/jdk.internal.reflect.DelegatingMethodAccessorImpl.invoke(DelegatingMethodAccessorImpl.java:43)
		at java.base/java.lang.reflect.Method.invoke(Method.java:567)
		at org.apache.catalina.startup.Bootstrap.load(Bootstrap.java:309)
		at org.apache.catalina.startup.Bootstrap.main(Bootstrap.java:492)
	Caused by: org.apache.catalina.LifecycleException: Protocol handler initialization failed
		at org.apache.catalina.connector.Connector.initInternal(Connector.java:995)
		at org.apache.catalina.util.LifecycleBase.init(LifecycleBase.java:107)
		... 12 more
	Caused by: java.net.BindException: Address already in use: bind
		at java.base/sun.nio.ch.Net.bind0(Native Method)
		at java.base/sun.nio.ch.Net.bind(Net.java:455)
		at java.base/sun.nio.ch.Net.bind(Net.java:447)
		at java.base/sun.nio.ch.ServerSocketChannelImpl.bind(ServerSocketChannelImpl.java:219)
		at java.base/sun.nio.ch.ServerSocketAdaptor.bind(ServerSocketAdaptor.java:80)
		at org.apache.tomcat.util.net.NioEndpoint.bind(NioEndpoint.java:219)
		at org.apache.tomcat.util.net.AbstractEndpoint.init(AbstractEndpoint.java:1118)
		at org.apache.tomcat.util.net.AbstractJsseEndpoint.init(AbstractJsseEndpoint.java:224)
		at org.apache.coyote.AbstractProtocol.init(AbstractProtocol.java:581)
		at org.apache.catalina.connector.Connector.initInternal(Connector.java:993)
		... 13 more
20-Sep-2019 08:35:21.951 INFO [main] org.apache.catalina.startup.Catalina.load Initialization processed in 501 ms
20-Sep-2019 08:35:22.007 INFO [main] org.apache.catalina.core.StandardService.startInternal Starting service [Catalina]
20-Sep-2019 08:35:22.008 INFO [main] org.apache.catalina.core.StandardEngine.startInternal Starting Servlet Engine: Apache Tomcat/8.5.45
20-Sep-2019 08:35:22.024 INFO [localhost-startStop-1] org.apache.catalina.startup.HostConfig.deployDirectory Deploying web application directory [C:\bbs\apache-tomcat-8.5.45\webapps\docs]
20-Sep-2019 08:35:22.588 WARNING [localhost-startStop-1] org.apache.catalina.util.SessionIdGeneratorBase.createSecureRandom Creation of SecureRandom instance for session ID generation using [SHA1PRNG] took [302] milliseconds.
20-Sep-2019 08:35:22.608 INFO [localhost-startStop-1] org.apache.catalina.startup.HostConfig.deployDirectory Deployment of web application directory [C:\bbs\apache-tomcat-8.5.45\webapps\docs] has finished in [584] ms
20-Sep-2019 08:35:22.609 INFO [localhost-startStop-1] org.apache.catalina.startup.HostConfig.deployDirectory Deploying web application directory [C:\bbs\apache-tomcat-8.5.45\webapps\host-manager]
20-Sep-2019 08:35:22.661 INFO [localhost-startStop-1] org.apache.catalina.startup.HostConfig.deployDirectory Deployment of web application directory [C:\bbs\apache-tomcat-8.5.45\webapps\host-manager] has finished in [53] ms
20-Sep-2019 08:35:22.662 INFO [localhost-startStop-1] org.apache.catalina.startup.HostConfig.deployDirectory Deploying web application directory [C:\bbs\apache-tomcat-8.5.45\webapps\manager]
20-Sep-2019 08:35:22.701 INFO [localhost-startStop-1] org.apache.catalina.startup.HostConfig.deployDirectory Deployment of web application directory [C:\bbs\apache-tomcat-8.5.45\webapps\manager] has finished in [40] ms
20-Sep-2019 08:35:22.702 INFO [localhost-startStop-1] org.apache.catalina.startup.HostConfig.deployDirectory Deploying web application directory [C:\bbs\apache-tomcat-8.5.45\webapps\ROOT]
20-Sep-2019 08:35:22.736 INFO [localhost-startStop-1] org.apache.catalina.startup.HostConfig.deployDirectory Deployment of web application directory [C:\bbs\apache-tomcat-8.5.45\webapps\ROOT] has finished in [34] ms
20-Sep-2019 08:35:22.741 INFO [main] org.apache.catalina.startup.Catalina.start Server startup in 789 ms
20-Sep-2019 08:35:22.748 SEVERE [main] org.apache.catalina.core.StandardServer.await StandardServer.await: create[localhost:8005]: 
	java.net.BindException: Address already in use: NET_Bind
		at java.base/java.net.PlainSocketImpl.bind0(Native Method)
		at java.base/java.net.PlainSocketImpl.socketBind(PlainSocketImpl.java:132)
		at java.base/java.net.AbstractPlainSocketImpl.bind(AbstractPlainSocketImpl.java:436)
		at java.base/java.net.ServerSocket.bind(ServerSocket.java:386)
		at java.base/java.net.ServerSocket.<init>(ServerSocket.java:248)
		at org.apache.catalina.core.StandardServer.await(StandardServer.java:421)
		at org.apache.catalina.startup.Catalina.await(Catalina.java:776)
		at org.apache.catalina.startup.Catalina.start(Catalina.java:722)
		at java.base/jdk.internal.reflect.NativeMethodAccessorImpl.invoke0(Native Method)
		at java.base/jdk.internal.reflect.NativeMethodAccessorImpl.invoke(NativeMethodAccessorImpl.java:62)
		at java.base/jdk.internal.reflect.DelegatingMethodAccessorImpl.invoke(DelegatingMethodAccessorImpl.java:43)
		at java.base/java.lang.reflect.Method.invoke(Method.java:567)
		at org.apache.catalina.startup.Bootstrap.start(Bootstrap.java:353)
		at org.apache.catalina.startup.Bootstrap.main(Bootstrap.java:493)
20-Sep-2019 08:35:22.749 INFO [main] org.apache.coyote.AbstractProtocol.pause Pausing ProtocolHandler ["http-nio-8080"]
20-Sep-2019 08:35:22.750 INFO [main] org.apache.coyote.AbstractProtocol.pause Pausing ProtocolHandler ["ajp-nio-8009"]
20-Sep-2019 08:35:22.751 INFO [main] org.apache.catalina.core.StandardService.stopInternal Stopping service [Catalina]
20-Sep-2019 08:35:22.770 INFO [main] org.apache.coyote.AbstractProtocol.stop Stopping ProtocolHandler ["http-nio-8080"]
20-Sep-2019 08:35:22.771 INFO [main] org.apache.coyote.AbstractProtocol.destroy Destroying ProtocolHandler ["http-nio-8080"]
20-Sep-2019 08:35:22.772 INFO [main] org.apache.coyote.AbstractProtocol.stop Stopping ProtocolHandler ["ajp-nio-8009"]
20-Sep-2019 08:35:22.773 INFO [main] org.apache.coyote.AbstractProtocol.destroy Destroying ProtocolHandler ["ajp-nio-8009"]
20-Sep-2019 08:35:34.435 INFO [main] org.apache.catalina.startup.VersionLoggerListener.log Server version:        Apache Tomcat/8.5.45
20-Sep-2019 08:35:34.439 INFO [main] org.apache.catalina.startup.VersionLoggerListener.log Server built:          Aug 14 2019 22:21:25 UTC
20-Sep-2019 08:35:34.439 INFO [main] org.apache.catalina.startup.VersionLoggerListener.log Server number:         8.5.45.0
20-Sep-2019 08:35:34.439 INFO [main] org.apache.catalina.startup.VersionLoggerListener.log OS Name:               Windows 10
20-Sep-2019 08:35:34.440 INFO [main] org.apache.catalina.startup.VersionLoggerListener.log OS Version:            10.0
20-Sep-2019 08:35:34.440 INFO [main] org.apache.catalina.startup.VersionLoggerListener.log Architecture:          amd64
20-Sep-2019 08:35:34.440 INFO [main] org.apache.catalina.startup.VersionLoggerListener.log Java Home:             C:\Program Files\Java\jdk-12.0.2
20-Sep-2019 08:35:34.440 INFO [main] org.apache.catalina.startup.VersionLoggerListener.log JVM Version:           12.0.2+10
20-Sep-2019 08:35:34.440 INFO [main] org.apache.catalina.startup.VersionLoggerListener.log JVM Vendor:            Oracle Corporation
20-Sep-2019 08:35:34.441 INFO [main] org.apache.catalina.startup.VersionLoggerListener.log CATALINA_BASE:         C:\bbs\apache-tomcat-8.5.45
20-Sep-2019 08:35:34.441 INFO [main] org.apache.catalina.startup.VersionLoggerListener.log CATALINA_HOME:         C:\bbs\apache-tomcat-8.5.45
20-Sep-2019 08:35:34.442 INFO [main] org.apache.catalina.startup.VersionLoggerListener.log Command line argument: --add-opens=java.base/java.lang=ALL-UNNAMED
20-Sep-2019 08:35:34.442 INFO [main] org.apache.catalina.startup.VersionLoggerListener.log Command line argument: --add-opens=java.base/java.io=ALL-UNNAMED
20-Sep-2019 08:35:34.442 INFO [main] org.apache.catalina.startup.VersionLoggerListener.log Command line argument: --add-opens=java.rmi/sun.rmi.transport=ALL-UNNAMED
20-Sep-2019 08:35:34.442 INFO [main] org.apache.catalina.startup.VersionLoggerListener.log Command line argument: -Djava.util.logging.config.file=C:\bbs\apache-tomcat-8.5.45\conf\logging.properties
20-Sep-2019 08:35:34.442 INFO [main] org.apache.catalina.startup.VersionLoggerListener.log Command line argument: -Djava.util.logging.manager=org.apache.juli.ClassLoaderLogManager
20-Sep-2019 08:35:34.443 INFO [main] org.apache.catalina.startup.VersionLoggerListener.log Command line argument: -Djdk.tls.ephemeralDHKeySize=2048
20-Sep-2019 08:35:34.444 INFO [main] org.apache.catalina.startup.VersionLoggerListener.log Command line argument: -Djava.protocol.handler.pkgs=org.apache.catalina.webresources
20-Sep-2019 08:35:34.444 INFO [main] org.apache.catalina.startup.VersionLoggerListener.log Command line argument: -Dignore.endorsed.dirs=
20-Sep-2019 08:35:34.445 INFO [main] org.apache.catalina.startup.VersionLoggerListener.log Command line argument: -Dcatalina.base=C:\bbs\apache-tomcat-8.5.45
20-Sep-2019 08:35:34.445 INFO [main] org.apache.catalina.startup.VersionLoggerListener.log Command line argument: -Dcatalina.home=C:\bbs\apache-tomcat-8.5.45
20-Sep-2019 08:35:34.446 INFO [main] org.apache.catalina.startup.VersionLoggerListener.log Command line argument: -Djava.io.tmpdir=C:\bbs\apache-tomcat-8.5.45\temp
20-Sep-2019 08:35:34.446 INFO [main] org.apache.catalina.core.AprLifecycleListener.lifecycleEvent Loaded APR based Apache Tomcat Native library [1.2.23] using APR version [1.7.0].
20-Sep-2019 08:35:34.447 INFO [main] org.apache.catalina.core.AprLifecycleListener.lifecycleEvent APR capabilities: IPv6 [true], sendfile [true], accept filters [false], random [true].
20-Sep-2019 08:35:34.447 INFO [main] org.apache.catalina.core.AprLifecycleListener.lifecycleEvent APR/OpenSSL configuration: useAprConnector [false], useOpenSSL [true]
20-Sep-2019 08:35:34.452 INFO [main] org.apache.catalina.core.AprLifecycleListener.initializeSSL OpenSSL successfully initialized [OpenSSL 1.1.1c  28 May 2019]
20-Sep-2019 08:35:34.493 INFO [main] org.apache.coyote.AbstractProtocol.init Initializing ProtocolHandler ["http-nio-8080"]
20-Sep-2019 08:35:34.817 INFO [main] org.apache.tomcat.util.net.NioSelectorPool.getSharedSelector Using a shared selector for servlet write/read
20-Sep-2019 08:35:34.828 INFO [main] org.apache.coyote.AbstractProtocol.init Initializing ProtocolHandler ["ajp-nio-8009"]
20-Sep-2019 08:35:34.830 INFO [main] org.apache.tomcat.util.net.NioSelectorPool.getSharedSelector Using a shared selector for servlet write/read
20-Sep-2019 08:35:34.831 INFO [main] org.apache.catalina.startup.Catalina.load Initialization processed in 794 ms
20-Sep-2019 08:35:34.885 INFO [main] org.apache.catalina.core.StandardService.startInternal Starting service [Catalina]
20-Sep-2019 08:35:34.885 INFO [main] org.apache.catalina.core.StandardEngine.startInternal Starting Servlet Engine: Apache Tomcat/8.5.45
20-Sep-2019 08:35:34.899 INFO [localhost-startStop-1] org.apache.catalina.startup.HostConfig.deployDirectory Deploying web application directory [C:\bbs\apache-tomcat-8.5.45\webapps\docs]
20-Sep-2019 08:35:35.444 WARNING [localhost-startStop-1] org.apache.catalina.util.SessionIdGeneratorBase.createSecureRandom Creation of SecureRandom instance for session ID generation using [SHA1PRNG] took [290] milliseconds.
20-Sep-2019 08:35:35.464 INFO [localhost-startStop-1] org.apache.catalina.startup.HostConfig.deployDirectory Deployment of web application directory [C:\bbs\apache-tomcat-8.5.45\webapps\docs] has finished in [565] ms
20-Sep-2019 08:35:35.464 INFO [localhost-startStop-1] org.apache.catalina.startup.HostConfig.deployDirectory Deploying web application directory [C:\bbs\apache-tomcat-8.5.45\webapps\host-manager]
20-Sep-2019 08:35:35.509 INFO [localhost-startStop-1] org.apache.catalina.startup.HostConfig.deployDirectory Deployment of web application directory [C:\bbs\apache-tomcat-8.5.45\webapps\host-manager] has finished in [45] ms
20-Sep-2019 08:35:35.510 INFO [localhost-startStop-1] org.apache.catalina.startup.HostConfig.deployDirectory Deploying web application directory [C:\bbs\apache-tomcat-8.5.45\webapps\manager]
20-Sep-2019 08:35:35.552 INFO [localhost-startStop-1] org.apache.catalina.startup.HostConfig.deployDirectory Deployment of web application directory [C:\bbs\apache-tomcat-8.5.45\webapps\manager] has finished in [41] ms
20-Sep-2019 08:35:35.552 INFO [localhost-startStop-1] org.apache.catalina.startup.HostConfig.deployDirectory Deploying web application directory [C:\bbs\apache-tomcat-8.5.45\webapps\ROOT]
20-Sep-2019 08:35:35.582 INFO [localhost-startStop-1] org.apache.catalina.startup.HostConfig.deployDirectory Deployment of web application directory [C:\bbs\apache-tomcat-8.5.45\webapps\ROOT] has finished in [30] ms
20-Sep-2019 08:35:35.588 INFO [main] org.apache.coyote.AbstractProtocol.start Starting ProtocolHandler ["http-nio-8080"]
20-Sep-2019 08:35:35.601 INFO [main] org.apache.coyote.AbstractProtocol.start Starting ProtocolHandler ["ajp-nio-8009"]
20-Sep-2019 08:35:35.604 INFO [main] org.apache.catalina.startup.Catalina.start Server startup in 772 ms
